TN:
SF:/Users/cread/projects/fastify-jwt-webapp/plugin.js
FN:14,(anonymous_0)
FN:25,(anonymous_1)
FN:35,(anonymous_2)
FN:71,(anonymous_3)
FNF:4
FNH:4
FNDA:4,(anonymous_0)
FNDA:1,(anonymous_1)
FNDA:1,(anonymous_2)
FNDA:2,(anonymous_3)
DA:4,1
DA:5,1
DA:8,1
DA:11,1
DA:12,1
DA:14,1
DA:16,4
DA:17,3
DA:18,3
DA:19,3
DA:22,3
DA:25,3
DA:26,1
DA:27,1
DA:28,1
DA:30,1
DA:35,3
DA:36,1
DA:38,1
DA:39,1
DA:41,1
DA:42,1
DA:43,1
DA:45,1
DA:46,1
DA:47,0
DA:49,0
DA:50,0
DA:51,0
DA:53,0
DA:56,0
DA:60,1
DA:61,1
DA:65,0
DA:69,3
DA:71,3
DA:72,2
DA:73,2
DA:74,2
DA:75,2
DA:76,2
DA:77,0
DA:78,0
DA:79,0
DA:80,0
DA:81,0
DA:83,0
DA:84,0
DA:85,0
DA:86,0
DA:88,0
DA:92,2
DA:93,2
DA:94,0
DA:95,0
DA:97,2
DA:103,1
LF:57
LH:38
BRDA:43,0,0,1
BRDA:43,0,1,0
BRDA:49,1,0,0
BRDA:49,1,1,0
BRDA:76,2,0,0
BRDA:76,2,1,2
BRDA:84,3,0,0
BRDA:84,3,1,0
BRDA:93,4,0,0
BRDA:93,4,1,2
BRF:10
BRH:3
end_of_record
TN:
SF:/Users/cread/projects/fastify-jwt-webapp/lib/config.js
FN:110,factory
FN:123,(anonymous_1)
FN:132,(anonymous_2)
FN:149,(anonymous_3)
FNF:4
FNH:4
FNDA:11,factory
FNDA:2,(anonymous_1)
FNDA:4,(anonymous_2)
FNDA:7,(anonymous_3)
DA:3,2
DA:4,2
DA:5,2
DA:7,2
DA:8,2
DA:9,2
DA:11,2
DA:43,2
DA:68,2
DA:107,2
DA:108,2
DA:112,11
DA:113,11
DA:115,4
DA:116,4
DA:119,7
DA:120,7
DA:121,7
DA:123,7
DA:124,2
DA:125,2
DA:126,2
DA:127,2
DA:128,2
DA:129,2
DA:132,7
DA:133,4
DA:137,4
DA:138,4
DA:139,3
DA:141,4
DA:142,4
DA:143,4
DA:144,4
DA:145,4
DA:146,4
DA:149,7
DA:150,7
DA:153,7
DA:157,2
LF:40
LH:40
BRDA:113,0,0,4
BRDA:113,0,1,7
BRDA:121,1,0,7
BRDA:121,1,1,7
BRDA:138,2,0,3
BRDA:138,2,1,1
BRF:6
BRH:6
end_of_record
TN:
SF:/Users/cread/projects/fastify-jwt-webapp/lib/util.js
FN:7,factory
FN:15,(anonymous_1)
FN:16,(anonymous_2)
FN:23,(anonymous_3)
FN:24,(anonymous_4)
FN:25,(anonymous_5)
FN:32,(anonymous_6)
FN:33,(anonymous_7)
FN:34,(anonymous_8)
FNF:9
FNH:7
FNDA:3,factory
FNDA:0,(anonymous_1)
FNDA:0,(anonymous_2)
FNDA:1,(anonymous_3)
FNDA:1,(anonymous_4)
FNDA:1,(anonymous_5)
FNDA:1,(anonymous_6)
FNDA:1,(anonymous_7)
FNDA:1,(anonymous_8)
DA:3,1
DA:4,1
DA:5,1
DA:9,3
DA:10,3
DA:11,3
DA:15,3
DA:16,0
DA:17,0
DA:18,0
DA:19,0
DA:23,3
DA:24,1
DA:25,1
DA:26,1
DA:27,1
DA:32,3
DA:33,1
DA:34,1
DA:35,1
DA:36,0
DA:41,3
DA:44,1
LF:23
LH:18
BRDA:17,0,0,0
BRDA:17,0,1,0
BRDA:18,1,0,0
BRDA:18,1,1,0
BRDA:26,2,0,0
BRDA:26,2,1,1
BRDA:35,3,0,1
BRDA:35,3,1,0
BRF:8
BRH:2
end_of_record
